<?xml version="1.0" encoding="UTF-8"?>
<!-- Generated by org.testng.reporters.JUnitXMLReporter -->
<testsuite ignored="0" hostname="WBCNODE40" failures="0" tests="1" name="Test" time="14.001" errors="0" timestamp="2020-11-24T17:48:01 IST">
  <testcase classname="Resources.BaseClass" name="@BeforeMethod setup" time="13.932">
    <failure type="org.openqa.selenium.SessionNotCreatedException" message="session not created
from chrome not reachable
  (Session info: chrome=87.0.4280.66)
Build info: version: &amp;apos;3.141.59&amp;apos;, revision: &amp;apos;e82be7d358&amp;apos;, time: &amp;apos;2018-11-14T08:17:03&amp;apos;
System info: host: &amp;apos;WBCNODE40&amp;apos;, ip: &amp;apos;192.168.1.140&amp;apos;, os.name: &amp;apos;Windows 10&amp;apos;, os.arch: &amp;apos;amd64&amp;apos;, os.version: &amp;apos;10.0&amp;apos;, java.version: &amp;apos;12.0.1&amp;apos;
Driver info: driver.version: ChromeDriver
remote stacktrace: Backtrace:
	Ordinal0 [0x007AECE3+3337443]
	Ordinal0 [0x0068F041+2158657]
	Ordinal0 [0x00516E50+618064]
	Ordinal0 [0x0050D114+577812]
	Ordinal0 [0x0050D7DB+579547]
	Ordinal0 [0x0050EA45+584261]
	Ordinal0 [0x00509A71+563825]
	Ordinal0 [0x00517FD0+622544]
	Ordinal0 [0x004B6B2D+224045]
	Ordinal0 [0x004B5BFC+220156]
	Ordinal0 [0x004B181B+202779]
	Ordinal0 [0x00493D74+81268]
	Ordinal0 [0x00494D6E+85358]
	Ordinal0 [0x00494CF9+85241]
	Ordinal0 [0x006A6F2C+2256684]
	GetHandleVerifier [0x00932FAC+1478332]
	GetHandleVerifier [0x00932AFD+1477133]
	GetHandleVerifier [0x0093AAD8+1509864]
	GetHandleVerifier [0x0093369E+1480110]
	Ordinal0 [0x0069D6BD+2217661]
	Ordinal0 [0x006A89AB+2263467]
	Ordinal0 [0x006A8AEF+2263791]
	Ordinal0 [0x006BD363+2347875]
	BaseThreadInitThunk [0x754C6359+25]
	RtlGetAppContainerNamedObjectPath [0x77B47B74+228]
	RtlGetAppContainerNamedObjectPath [0x77B47B44+180]
">
      <![CDATA[org.openqa.selenium.SessionNotCreatedException: session not created
from chrome not reachable
  (Session info: chrome=87.0.4280.66)
Build info: version: '3.141.59', revision: 'e82be7d358', time: '2018-11-14T08:17:03'
System info: host: 'WBCNODE40', ip: '192.168.1.140', os.name: 'Windows 10', os.arch: 'amd64', os.version: '10.0', java.version: '12.0.1'
Driver info: driver.version: ChromeDriver
remote stacktrace: Backtrace:
Ordinal0 [0x007AECE3+3337443]
Ordinal0 [0x0068F041+2158657]
Ordinal0 [0x00516E50+618064]
Ordinal0 [0x0050D114+577812]
Ordinal0 [0x0050D7DB+579547]
Ordinal0 [0x0050EA45+584261]
Ordinal0 [0x00509A71+563825]
Ordinal0 [0x00517FD0+622544]
Ordinal0 [0x004B6B2D+224045]
Ordinal0 [0x004B5BFC+220156]
Ordinal0 [0x004B181B+202779]
Ordinal0 [0x00493D74+81268]
Ordinal0 [0x00494D6E+85358]
Ordinal0 [0x00494CF9+85241]
Ordinal0 [0x006A6F2C+2256684]
GetHandleVerifier [0x00932FAC+1478332]
GetHandleVerifier [0x00932AFD+1477133]
GetHandleVerifier [0x0093AAD8+1509864]
GetHandleVerifier [0x0093369E+1480110]
Ordinal0 [0x0069D6BD+2217661]
Ordinal0 [0x006A89AB+2263467]
Ordinal0 [0x006A8AEF+2263791]
Ordinal0 [0x006BD363+2347875]
BaseThreadInitThunk [0x754C6359+25]
RtlGetAppContainerNamedObjectPath [0x77B47B74+228]
RtlGetAppContainerNamedObjectPath [0x77B47B44+180]

at org.openqa.selenium.remote.W3CHandshakeResponse.lambda$errorHandler$0(W3CHandshakeResponse.java:62)
at org.openqa.selenium.remote.HandshakeResponse.lambda$getResponseFunction$0(HandshakeResponse.java:30)
at org.openqa.selenium.remote.ProtocolHandshake.lambda$createSession$0(ProtocolHandshake.java:126)
at java.base/java.util.stream.ReferencePipeline$3$1.accept(ReferencePipeline.java:195)
at java.base/java.util.Spliterators$ArraySpliterator.tryAdvance(Spliterators.java:958)
at java.base/java.util.stream.ReferencePipeline.forEachWithCancel(ReferencePipeline.java:127)
at java.base/java.util.stream.AbstractPipeline.copyIntoWithCancel(AbstractPipeline.java:502)
at java.base/java.util.stream.AbstractPipeline.copyInto(AbstractPipeline.java:488)
at java.base/java.util.stream.AbstractPipeline.wrapAndCopyInto(AbstractPipeline.java:474)
at java.base/java.util.stream.FindOps$FindOp.evaluateSequential(FindOps.java:150)
at java.base/java.util.stream.AbstractPipeline.evaluate(AbstractPipeline.java:234)
at java.base/java.util.stream.ReferencePipeline.findFirst(ReferencePipeline.java:543)
at org.openqa.selenium.remote.ProtocolHandshake.createSession(ProtocolHandshake.java:128)
at org.openqa.selenium.remote.ProtocolHandshake.createSession(ProtocolHandshake.java:74)
at org.openqa.selenium.remote.HttpCommandExecutor.execute(HttpCommandExecutor.java:136)
at org.openqa.selenium.remote.service.DriverCommandExecutor.execute(DriverCommandExecutor.java:83)
at org.openqa.selenium.remote.RemoteWebDriver.execute(RemoteWebDriver.java:552)
at org.openqa.selenium.remote.RemoteWebDriver.startSession(RemoteWebDriver.java:213)
at org.openqa.selenium.remote.RemoteWebDriver.<init>(RemoteWebDriver.java:131)
at org.openqa.selenium.chrome.ChromeDriver.<init>(ChromeDriver.java:181)
at org.openqa.selenium.chrome.ChromeDriver.<init>(ChromeDriver.java:168)
at org.openqa.selenium.chrome.ChromeDriver.<init>(ChromeDriver.java:123)
at Resources.BaseClass.setup(BaseClass.java:58)
at java.base/java.util.ArrayList.forEach(ArrayList.java:1540)
... Removed 36 stack frames]]>
    </failure>
  </testcase> <!-- @BeforeMethod setup -->
  <testcase classname="Resources.BaseClass" name="@AfterMethod tearDown" time="-1.606220281865E9">
    <skipped/>
  </testcase> <!-- @AfterMethod tearDown -->
  <testcase classname="TestScripts.TestCases" name="loginPageTest" time="0.0">
    <skipped/>
  </testcase> <!-- loginPageTest -->
</testsuite> <!-- Test -->
